2024-02-03 19:50:38,847{GMT}	INFO	[jepsen test runner] jepsen.core: Test version 8881775e18c85ea9866406905d4632b9831999e4 (plus uncommitted changes)
2024-02-03 19:50:38,848{GMT}	INFO	[jepsen test runner] jepsen.core: Command line:
lein run test -w echo --bin /go/bin/maelstrom-echo --node-count 1 --time-limit 10
2024-02-03 19:50:38,942{GMT}	INFO	[jepsen test runner] jepsen.core: Running test:
{:args []
 :remote
 #jepsen.control.retry.Remote{:remote #jepsen.control.scp.Remote{:cmd-remote #jepsen.control.sshj.SSHJRemote{:concurrency-limit 6,
                                                                                                             :conn-spec nil,
                                                                                                             :client nil,
                                                                                                             :semaphore nil},
                                                                 :conn-spec nil},
                              :conn nil}
 :log-net-send false
 :node-count 1
 :availability nil
 :max-txn-length 4
 :concurrency 1
 :db
 #object[maelstrom.db$db$reify__16142
         "0x93a793a"
         "maelstrom.db$db$reify__16142@93a793a"]
 :max-writes-per-key 16
 :leave-db-running? false
 :name "echo"
 :logging-json? false
 :start-time
 #object[org.joda.time.DateTime "0x6abd88fe" "2024-02-03T19:50:38.807Z"]
 :nemesis-interval 10
 :net
 #object[maelstrom.net$jepsen_net$reify__15251
         "0x16337c8e"
         "maelstrom.net$jepsen_net$reify__15251@16337c8e"]
 :client
 #object[maelstrom.workload.echo$client$reify__16863
         "0x2603a76d"
         "maelstrom.workload.echo$client$reify__16863@2603a76d"]
 :barrier
 #object[java.util.concurrent.CyclicBarrier
         "0x3022287e"
         "java.util.concurrent.CyclicBarrier@3022287e"]
 :log-stderr false
 :pure-generators true
 :ssh {:dummy? true}
 :rate 5
 :checker
 #object[jepsen.checker$compose$reify__11881
         "0x36deacfc"
         "jepsen.checker$compose$reify__11881@36deacfc"]
 :argv
 ("test"
  "-w"
  "echo"
  "--bin"
  "/go/bin/maelstrom-echo"
  "--node-count"
  "1"
  "--time-limit"
  "10")
 :nemesis
 (jepsen.nemesis.ReflCompose
  {:fm {:start-partition 0,
        :stop-partition 0,
        :kill 1,
        :start 1,
        :pause 1,
        :resume 1},
   :nemeses [#unprintable "jepsen.nemesis.combined$partition_nemesis$reify__16416@3b0471a5"
             #unprintable "jepsen.nemesis.combined$db_nemesis$reify__16397@78167"]})
 :nodes ["n0"]
 :test-count 1
 :latency {:mean 0, :dist :constant}
 :bin "/go/bin/maelstrom-echo"
 :generator
 (jepsen.generator.TimeLimit
  {:limit 10000000000,
   :cutoff nil,
   :gen (jepsen.generator.Any
         {:gens [(jepsen.generator.OnThreads
                  {:f #{:nemesis},
                   :context-filter #object[jepsen.generator.context$make_thread_filter$lazy_filter__9167
                                           "0x4b48be5c"
                                           "jepsen.generator.context$make_thread_filter$lazy_filter__9167@4b48be5c"],
                   :gen nil})
                 (jepsen.generator.OnThreads
                  {:f #jepsen.generator.context.AllBut{:element :nemesis},
                   :context-filter #object[jepsen.generator.context$make_thread_filter$lazy_filter__9167
                                           "0x3fe8d57a"
                                           "jepsen.generator.context$make_thread_filter$lazy_filter__9167@3fe8d57a"],
                   :gen (jepsen.generator.Stagger
                         {:dt 400000000,
                          :next-time nil,
                          :gen (jepsen.generator.EachThread
                                {:fresh-gen #object[maelstrom.workload.echo$workload$fn__16882
                                                    "0x36573ec5"
                                                    "maelstrom.workload.echo$workload$fn__16882@36573ec5"],
                                 :context-filters #object[clojure.core$promise$reify__8591
                                                          "0x10c26161"
                                                          {:status :pending,
                                                           :val nil}],
                                 :gens {}})})})]})})
 :log-net-recv false
 :os
 #object[maelstrom.net$jepsen_os$reify__15254
         "0x1ef6977b"
         "maelstrom.net$jepsen_os$reify__15254@1ef6977b"]
 :time-limit 10
 :workload :echo
 :consistency-models [:strict-serializable]
 :topology :grid}

2024-02-03 19:50:41,580{GMT}	INFO	[jepsen node n0] maelstrom.net: Starting Maelstrom network
2024-02-03 19:50:41,581{GMT}	INFO	[jepsen test runner] jepsen.db: Tearing down DB
2024-02-03 19:50:41,583{GMT}	INFO	[jepsen test runner] jepsen.db: Setting up DB
2024-02-03 19:50:41,586{GMT}	INFO	[jepsen node n0] maelstrom.service: Starting services: (lin-kv lin-tso lww-kv seq-kv)
2024-02-03 19:50:41,590{GMT}	INFO	[jepsen node n0] maelstrom.db: Setting up n0
2024-02-03 19:50:41,590{GMT}	INFO	[jepsen node n0] maelstrom.process: launching /go/bin/maelstrom-echo []
2024-02-03 19:50:41,709{GMT}	INFO	[jepsen test runner] jepsen.core: Relative time begins now
2024-02-03 19:50:41,724{GMT}	INFO	[jepsen worker 0] jepsen.util: 0	:invoke	:echo	"Please echo 16"
2024-02-03 19:50:41,733{GMT}	INFO	[jepsen worker 0] jepsen.util: 0	:ok	:echo	{:echo "Please echo 16", :in_reply_to 1, :msg_id 1, :type "echo_ok"}
2024-02-03 19:50:42,037{GMT}	INFO	[jepsen worker 0] jepsen.util: 0	:invoke	:echo	"Please echo 9"
2024-02-03 19:50:42,038{GMT}	INFO	[jepsen worker 0] jepsen.util: 0	:ok	:echo	{:echo "Please echo 9", :in_reply_to 2, :msg_id 2, :type "echo_ok"}
2024-02-03 19:50:42,409{GMT}	INFO	[jepsen worker 0] jepsen.util: 0	:invoke	:echo	"Please echo 9"
2024-02-03 19:50:42,410{GMT}	INFO	[jepsen worker 0] jepsen.util: 0	:ok	:echo	{:echo "Please echo 9", :in_reply_to 3, :msg_id 3, :type "echo_ok"}
2024-02-03 19:50:42,726{GMT}	INFO	[jepsen worker 0] jepsen.util: 0	:invoke	:echo	"Please echo 19"
2024-02-03 19:50:42,728{GMT}	INFO	[jepsen worker 0] jepsen.util: 0	:ok	:echo	{:echo "Please echo 19", :in_reply_to 4, :msg_id 4, :type "echo_ok"}
2024-02-03 19:50:42,916{GMT}	INFO	[jepsen worker 0] jepsen.util: 0	:invoke	:echo	"Please echo 68"
2024-02-03 19:50:42,917{GMT}	INFO	[jepsen worker 0] jepsen.util: 0	:ok	:echo	{:echo "Please echo 68", :in_reply_to 5, :msg_id 5, :type "echo_ok"}
2024-02-03 19:50:43,012{GMT}	INFO	[jepsen worker 0] jepsen.util: 0	:invoke	:echo	"Please echo 46"
2024-02-03 19:50:43,015{GMT}	INFO	[jepsen worker 0] jepsen.util: 0	:ok	:echo	{:echo "Please echo 46", :in_reply_to 6, :msg_id 6, :type "echo_ok"}
2024-02-03 19:50:43,193{GMT}	INFO	[jepsen worker 0] jepsen.util: 0	:invoke	:echo	"Please echo 60"
2024-02-03 19:50:43,195{GMT}	INFO	[jepsen worker 0] jepsen.util: 0	:ok	:echo	{:echo "Please echo 60", :in_reply_to 7, :msg_id 7, :type "echo_ok"}
2024-02-03 19:50:43,208{GMT}	INFO	[jepsen worker 0] jepsen.util: 0	:invoke	:echo	"Please echo 104"
2024-02-03 19:50:43,210{GMT}	INFO	[jepsen worker 0] jepsen.util: 0	:ok	:echo	{:echo "Please echo 104", :in_reply_to 8, :msg_id 8, :type "echo_ok"}
2024-02-03 19:50:43,286{GMT}	INFO	[jepsen worker 0] jepsen.util: 0	:invoke	:echo	"Please echo 64"
2024-02-03 19:50:43,287{GMT}	INFO	[jepsen worker 0] jepsen.util: 0	:ok	:echo	{:echo "Please echo 64", :in_reply_to 9, :msg_id 9, :type "echo_ok"}
2024-02-03 19:50:43,529{GMT}	INFO	[jepsen worker 0] jepsen.util: 0	:invoke	:echo	"Please echo 1"
2024-02-03 19:50:43,530{GMT}	INFO	[jepsen worker 0] jepsen.util: 0	:ok	:echo	{:echo "Please echo 1", :in_reply_to 10, :msg_id 10, :type "echo_ok"}
2024-02-03 19:50:43,911{GMT}	INFO	[jepsen worker 0] jepsen.util: 0	:invoke	:echo	"Please echo 124"
2024-02-03 19:50:43,912{GMT}	INFO	[jepsen worker 0] jepsen.util: 0	:ok	:echo	{:echo "Please echo 124", :in_reply_to 11, :msg_id 11, :type "echo_ok"}
2024-02-03 19:50:43,956{GMT}	INFO	[jepsen worker 0] jepsen.util: 0	:invoke	:echo	"Please echo 21"
2024-02-03 19:50:43,957{GMT}	INFO	[jepsen worker 0] jepsen.util: 0	:ok	:echo	{:echo "Please echo 21", :in_reply_to 12, :msg_id 12, :type "echo_ok"}
2024-02-03 19:50:44,259{GMT}	INFO	[jepsen worker 0] jepsen.util: 0	:invoke	:echo	"Please echo 73"
2024-02-03 19:50:44,261{GMT}	INFO	[jepsen worker 0] jepsen.util: 0	:ok	:echo	{:echo "Please echo 73", :in_reply_to 13, :msg_id 13, :type "echo_ok"}
2024-02-03 19:50:44,499{GMT}	INFO	[jepsen worker 0] jepsen.util: 0	:invoke	:echo	"Please echo 118"
2024-02-03 19:50:44,501{GMT}	INFO	[jepsen worker 0] jepsen.util: 0	:ok	:echo	{:echo "Please echo 118", :in_reply_to 14, :msg_id 14, :type "echo_ok"}
2024-02-03 19:50:44,677{GMT}	INFO	[jepsen worker 0] jepsen.util: 0	:invoke	:echo	"Please echo 102"
2024-02-03 19:50:44,679{GMT}	INFO	[jepsen worker 0] jepsen.util: 0	:ok	:echo	{:echo "Please echo 102", :in_reply_to 15, :msg_id 15, :type "echo_ok"}
2024-02-03 19:50:44,816{GMT}	INFO	[jepsen worker 0] jepsen.util: 0	:invoke	:echo	"Please echo 62"
2024-02-03 19:50:44,819{GMT}	INFO	[jepsen worker 0] jepsen.util: 0	:ok	:echo	{:echo "Please echo 62", :in_reply_to 16, :msg_id 16, :type "echo_ok"}
2024-02-03 19:50:45,070{GMT}	INFO	[jepsen worker 0] jepsen.util: 0	:invoke	:echo	"Please echo 114"
2024-02-03 19:50:45,073{GMT}	INFO	[jepsen worker 0] jepsen.util: 0	:ok	:echo	{:echo "Please echo 114", :in_reply_to 17, :msg_id 17, :type "echo_ok"}
2024-02-03 19:50:45,411{GMT}	INFO	[jepsen worker 0] jepsen.util: 0	:invoke	:echo	"Please echo 100"
2024-02-03 19:50:45,413{GMT}	INFO	[jepsen worker 0] jepsen.util: 0	:ok	:echo	{:echo "Please echo 100", :in_reply_to 18, :msg_id 18, :type "echo_ok"}
2024-02-03 19:50:45,414{GMT}	INFO	[jepsen worker 0] jepsen.util: 0	:invoke	:echo	"Please echo 67"
2024-02-03 19:50:45,415{GMT}	INFO	[jepsen worker 0] jepsen.util: 0	:ok	:echo	{:echo "Please echo 67", :in_reply_to 19, :msg_id 19, :type "echo_ok"}
2024-02-03 19:50:45,426{GMT}	INFO	[jepsen worker 0] jepsen.util: 0	:invoke	:echo	"Please echo 23"
2024-02-03 19:50:45,427{GMT}	INFO	[jepsen worker 0] jepsen.util: 0	:ok	:echo	{:echo "Please echo 23", :in_reply_to 20, :msg_id 20, :type "echo_ok"}
2024-02-03 19:50:45,547{GMT}	INFO	[jepsen worker 0] jepsen.util: 0	:invoke	:echo	"Please echo 99"
2024-02-03 19:50:45,549{GMT}	INFO	[jepsen worker 0] jepsen.util: 0	:ok	:echo	{:echo "Please echo 99", :in_reply_to 21, :msg_id 21, :type "echo_ok"}
2024-02-03 19:50:45,696{GMT}	INFO	[jepsen worker 0] jepsen.util: 0	:invoke	:echo	"Please echo 4"
2024-02-03 19:50:45,697{GMT}	INFO	[jepsen worker 0] jepsen.util: 0	:ok	:echo	{:echo "Please echo 4", :in_reply_to 22, :msg_id 22, :type "echo_ok"}
2024-02-03 19:50:45,698{GMT}	INFO	[jepsen worker 0] jepsen.util: 0	:invoke	:echo	"Please echo 68"
2024-02-03 19:50:45,699{GMT}	INFO	[jepsen worker 0] jepsen.util: 0	:ok	:echo	{:echo "Please echo 68", :in_reply_to 23, :msg_id 23, :type "echo_ok"}
2024-02-03 19:50:45,802{GMT}	INFO	[jepsen worker 0] jepsen.util: 0	:invoke	:echo	"Please echo 3"
2024-02-03 19:50:45,803{GMT}	INFO	[jepsen worker 0] jepsen.util: 0	:ok	:echo	{:echo "Please echo 3", :in_reply_to 24, :msg_id 24, :type "echo_ok"}
2024-02-03 19:50:46,038{GMT}	INFO	[jepsen worker 0] jepsen.util: 0	:invoke	:echo	"Please echo 82"
2024-02-03 19:50:46,039{GMT}	INFO	[jepsen worker 0] jepsen.util: 0	:ok	:echo	{:echo "Please echo 82", :in_reply_to 25, :msg_id 25, :type "echo_ok"}
2024-02-03 19:50:46,142{GMT}	INFO	[jepsen worker 0] jepsen.util: 0	:invoke	:echo	"Please echo 118"
2024-02-03 19:50:46,144{GMT}	INFO	[jepsen worker 0] jepsen.util: 0	:ok	:echo	{:echo "Please echo 118", :in_reply_to 26, :msg_id 26, :type "echo_ok"}
2024-02-03 19:50:46,356{GMT}	INFO	[jepsen worker 0] jepsen.util: 0	:invoke	:echo	"Please echo 81"
2024-02-03 19:50:46,358{GMT}	INFO	[jepsen worker 0] jepsen.util: 0	:ok	:echo	{:echo "Please echo 81", :in_reply_to 27, :msg_id 27, :type "echo_ok"}
2024-02-03 19:50:46,722{GMT}	INFO	[jepsen worker 0] jepsen.util: 0	:invoke	:echo	"Please echo 97"
2024-02-03 19:50:46,725{GMT}	INFO	[jepsen worker 0] jepsen.util: 0	:ok	:echo	{:echo "Please echo 97", :in_reply_to 28, :msg_id 28, :type "echo_ok"}
2024-02-03 19:50:47,078{GMT}	INFO	[jepsen worker 0] jepsen.util: 0	:invoke	:echo	"Please echo 72"
2024-02-03 19:50:47,079{GMT}	INFO	[jepsen worker 0] jepsen.util: 0	:ok	:echo	{:echo "Please echo 72", :in_reply_to 29, :msg_id 29, :type "echo_ok"}
2024-02-03 19:50:47,327{GMT}	INFO	[jepsen worker 0] jepsen.util: 0	:invoke	:echo	"Please echo 70"
2024-02-03 19:50:47,329{GMT}	INFO	[jepsen worker 0] jepsen.util: 0	:ok	:echo	{:echo "Please echo 70", :in_reply_to 30, :msg_id 30, :type "echo_ok"}
2024-02-03 19:50:47,597{GMT}	INFO	[jepsen worker 0] jepsen.util: 0	:invoke	:echo	"Please echo 122"
2024-02-03 19:50:47,600{GMT}	INFO	[jepsen worker 0] jepsen.util: 0	:ok	:echo	{:echo "Please echo 122", :in_reply_to 31, :msg_id 31, :type "echo_ok"}
2024-02-03 19:50:47,792{GMT}	INFO	[jepsen worker 0] jepsen.util: 0	:invoke	:echo	"Please echo 112"
2024-02-03 19:50:47,793{GMT}	INFO	[jepsen worker 0] jepsen.util: 0	:ok	:echo	{:echo "Please echo 112", :in_reply_to 32, :msg_id 32, :type "echo_ok"}
2024-02-03 19:50:48,081{GMT}	INFO	[jepsen worker 0] jepsen.util: 0	:invoke	:echo	"Please echo 9"
2024-02-03 19:50:48,083{GMT}	INFO	[jepsen worker 0] jepsen.util: 0	:ok	:echo	{:echo "Please echo 9", :in_reply_to 33, :msg_id 33, :type "echo_ok"}
2024-02-03 19:50:48,277{GMT}	INFO	[jepsen worker 0] jepsen.util: 0	:invoke	:echo	"Please echo 9"
2024-02-03 19:50:48,282{GMT}	INFO	[jepsen worker 0] jepsen.util: 0	:ok	:echo	{:echo "Please echo 9", :in_reply_to 34, :msg_id 34, :type "echo_ok"}
2024-02-03 19:50:48,470{GMT}	INFO	[jepsen worker 0] jepsen.util: 0	:invoke	:echo	"Please echo 6"
2024-02-03 19:50:48,473{GMT}	INFO	[jepsen worker 0] jepsen.util: 0	:ok	:echo	{:echo "Please echo 6", :in_reply_to 35, :msg_id 35, :type "echo_ok"}
2024-02-03 19:50:48,744{GMT}	INFO	[jepsen worker 0] jepsen.util: 0	:invoke	:echo	"Please echo 41"
2024-02-03 19:50:48,746{GMT}	INFO	[jepsen worker 0] jepsen.util: 0	:ok	:echo	{:echo "Please echo 41", :in_reply_to 36, :msg_id 36, :type "echo_ok"}
2024-02-03 19:50:48,792{GMT}	INFO	[jepsen worker 0] jepsen.util: 0	:invoke	:echo	"Please echo 58"
2024-02-03 19:50:48,793{GMT}	INFO	[jepsen worker 0] jepsen.util: 0	:ok	:echo	{:echo "Please echo 58", :in_reply_to 37, :msg_id 37, :type "echo_ok"}
2024-02-03 19:50:48,921{GMT}	INFO	[jepsen worker 0] jepsen.util: 0	:invoke	:echo	"Please echo 76"
2024-02-03 19:50:48,923{GMT}	INFO	[jepsen worker 0] jepsen.util: 0	:ok	:echo	{:echo "Please echo 76", :in_reply_to 38, :msg_id 38, :type "echo_ok"}
2024-02-03 19:50:48,983{GMT}	INFO	[jepsen worker 0] jepsen.util: 0	:invoke	:echo	"Please echo 123"
2024-02-03 19:50:48,984{GMT}	INFO	[jepsen worker 0] jepsen.util: 0	:ok	:echo	{:echo "Please echo 123", :in_reply_to 39, :msg_id 39, :type "echo_ok"}
2024-02-03 19:50:48,989{GMT}	INFO	[jepsen worker 0] jepsen.util: 0	:invoke	:echo	"Please echo 127"
2024-02-03 19:50:48,990{GMT}	INFO	[jepsen worker 0] jepsen.util: 0	:ok	:echo	{:echo "Please echo 127", :in_reply_to 40, :msg_id 40, :type "echo_ok"}
2024-02-03 19:50:49,250{GMT}	INFO	[jepsen worker 0] jepsen.util: 0	:invoke	:echo	"Please echo 124"
2024-02-03 19:50:49,253{GMT}	INFO	[jepsen worker 0] jepsen.util: 0	:ok	:echo	{:echo "Please echo 124", :in_reply_to 41, :msg_id 41, :type "echo_ok"}
2024-02-03 19:50:49,372{GMT}	INFO	[jepsen worker 0] jepsen.util: 0	:invoke	:echo	"Please echo 40"
2024-02-03 19:50:49,374{GMT}	INFO	[jepsen worker 0] jepsen.util: 0	:ok	:echo	{:echo "Please echo 40", :in_reply_to 42, :msg_id 42, :type "echo_ok"}
2024-02-03 19:50:49,707{GMT}	INFO	[jepsen worker 0] jepsen.util: 0	:invoke	:echo	"Please echo 86"
2024-02-03 19:50:49,709{GMT}	INFO	[jepsen worker 0] jepsen.util: 0	:ok	:echo	{:echo "Please echo 86", :in_reply_to 43, :msg_id 43, :type "echo_ok"}
2024-02-03 19:50:49,733{GMT}	INFO	[jepsen worker 0] jepsen.util: 0	:invoke	:echo	"Please echo 97"
2024-02-03 19:50:49,734{GMT}	INFO	[jepsen worker 0] jepsen.util: 0	:ok	:echo	{:echo "Please echo 97", :in_reply_to 44, :msg_id 44, :type "echo_ok"}
2024-02-03 19:50:50,002{GMT}	INFO	[jepsen worker 0] jepsen.util: 0	:invoke	:echo	"Please echo 95"
2024-02-03 19:50:50,005{GMT}	INFO	[jepsen worker 0] jepsen.util: 0	:ok	:echo	{:echo "Please echo 95", :in_reply_to 45, :msg_id 45, :type "echo_ok"}
2024-02-03 19:50:50,145{GMT}	INFO	[jepsen worker 0] jepsen.util: 0	:invoke	:echo	"Please echo 30"
2024-02-03 19:50:50,148{GMT}	INFO	[jepsen worker 0] jepsen.util: 0	:ok	:echo	{:echo "Please echo 30", :in_reply_to 46, :msg_id 46, :type "echo_ok"}
2024-02-03 19:50:50,470{GMT}	INFO	[jepsen worker 0] jepsen.util: 0	:invoke	:echo	"Please echo 95"
2024-02-03 19:50:50,472{GMT}	INFO	[jepsen worker 0] jepsen.util: 0	:ok	:echo	{:echo "Please echo 95", :in_reply_to 47, :msg_id 47, :type "echo_ok"}
2024-02-03 19:50:50,637{GMT}	INFO	[jepsen worker 0] jepsen.util: 0	:invoke	:echo	"Please echo 61"
2024-02-03 19:50:50,638{GMT}	INFO	[jepsen worker 0] jepsen.util: 0	:ok	:echo	{:echo "Please echo 61", :in_reply_to 48, :msg_id 48, :type "echo_ok"}
2024-02-03 19:50:50,989{GMT}	INFO	[jepsen worker 0] jepsen.util: 0	:invoke	:echo	"Please echo 87"
2024-02-03 19:50:50,991{GMT}	INFO	[jepsen worker 0] jepsen.util: 0	:ok	:echo	{:echo "Please echo 87", :in_reply_to 49, :msg_id 49, :type "echo_ok"}
2024-02-03 19:50:51,190{GMT}	INFO	[jepsen worker 0] jepsen.util: 0	:invoke	:echo	"Please echo 104"
2024-02-03 19:50:51,193{GMT}	INFO	[jepsen worker 0] jepsen.util: 0	:ok	:echo	{:echo "Please echo 104", :in_reply_to 50, :msg_id 50, :type "echo_ok"}
2024-02-03 19:50:51,527{GMT}	INFO	[jepsen worker 0] jepsen.util: 0	:invoke	:echo	"Please echo 30"
2024-02-03 19:50:51,529{GMT}	INFO	[jepsen worker 0] jepsen.util: 0	:ok	:echo	{:echo "Please echo 30", :in_reply_to 51, :msg_id 51, :type "echo_ok"}
2024-02-03 19:50:51,683{GMT}	INFO	[jepsen worker 0] jepsen.util: 0	:invoke	:echo	"Please echo 11"
2024-02-03 19:50:51,685{GMT}	INFO	[jepsen worker 0] jepsen.util: 0	:ok	:echo	{:echo "Please echo 11", :in_reply_to 52, :msg_id 52, :type "echo_ok"}
2024-02-03 19:50:51,715{GMT}	INFO	[jepsen test runner] jepsen.core: Run complete, writing
2024-02-03 19:50:51,779{GMT}	INFO	[jepsen node n0] maelstrom.db: Tearing down n0
2024-02-03 19:50:53,604{GMT}	INFO	[jepsen node n0] maelstrom.net: Shutting down Maelstrom network
2024-02-03 19:50:53,604{GMT}	INFO	[jepsen test runner] jepsen.core: Analyzing...
2024-02-03 19:50:54,028{GMT}	INFO	[jepsen test runner] jepsen.core: Analysis complete
2024-02-03 19:50:54,039{GMT}	INFO	[jepsen results] jepsen.store: Wrote /workspaces/Echo-Server-In-Go/maelstrom-echo/maelstrom/store/echo/20240203T195038.807Z/results.edn
2024-02-03 19:50:54,113{GMT}	INFO	[jepsen test runner] jepsen.core: {:perf {:latency-graph {:valid? true},
        :rate-graph {:valid? true},
        :valid? true},
 :timeline {:valid? true},
 :exceptions {:valid? true},
 :stats {:valid? true,
         :count 52,
         :ok-count 52,
         :fail-count 0,
         :info-count 0,
         :by-f {:echo {:valid? true,
                       :count 52,
                       :ok-count 52,
                       :fail-count 0,
                       :info-count 0}}},
 :availability {:valid? true, :ok-fraction 1.0},
 :net {:all {:send-count 106,
             :recv-count 106,
             :msg-count 106,
             :msgs-per-op 2.0384614},
       :clients {:send-count 106, :recv-count 106, :msg-count 106},
       :servers {:send-count 0,
                 :recv-count 0,
                 :msg-count 0,
                 :msgs-per-op 0.0},
       :valid? true},
 :workload {:valid? true, :errors ()},
 :valid? true}


Everything looks good! ヽ(‘ー`)ノ
