2024-02-03 20:34:35,089{GMT}	INFO	[jepsen test runner] jepsen.core: Test version 8881775e18c85ea9866406905d4632b9831999e4 (plus uncommitted changes)
2024-02-03 20:34:35,090{GMT}	INFO	[jepsen test runner] jepsen.core: Command line:
lein run test -w echo --bin /home/codespace/go/bin/maelstrom-echo --node-count 1 --time-limit 10
2024-02-03 20:34:35,203{GMT}	INFO	[jepsen test runner] jepsen.core: Running test:
{:args []
 :remote
 #jepsen.control.retry.Remote{:remote #jepsen.control.scp.Remote{:cmd-remote #jepsen.control.sshj.SSHJRemote{:concurrency-limit 6,
                                                                                                             :conn-spec nil,
                                                                                                             :client nil,
                                                                                                             :semaphore nil},
                                                                 :conn-spec nil},
                              :conn nil}
 :log-net-send false
 :node-count 1
 :availability nil
 :max-txn-length 4
 :concurrency 1
 :db
 #object[maelstrom.db$db$reify__16142
         "0x93a793a"
         "maelstrom.db$db$reify__16142@93a793a"]
 :max-writes-per-key 16
 :leave-db-running? false
 :name "echo"
 :logging-json? false
 :start-time
 #object[org.joda.time.DateTime "0x6abd88fe" "2024-02-03T20:34:35.042Z"]
 :nemesis-interval 10
 :net
 #object[maelstrom.net$jepsen_net$reify__15251
         "0x16337c8e"
         "maelstrom.net$jepsen_net$reify__15251@16337c8e"]
 :client
 #object[maelstrom.workload.echo$client$reify__16863
         "0x2603a76d"
         "maelstrom.workload.echo$client$reify__16863@2603a76d"]
 :barrier
 #object[java.util.concurrent.CyclicBarrier
         "0x3022287e"
         "java.util.concurrent.CyclicBarrier@3022287e"]
 :log-stderr false
 :pure-generators true
 :ssh {:dummy? true}
 :rate 5
 :checker
 #object[jepsen.checker$compose$reify__11881
         "0x36deacfc"
         "jepsen.checker$compose$reify__11881@36deacfc"]
 :argv
 ("test"
  "-w"
  "echo"
  "--bin"
  "/home/codespace/go/bin/maelstrom-echo"
  "--node-count"
  "1"
  "--time-limit"
  "10")
 :nemesis
 (jepsen.nemesis.ReflCompose
  {:fm {:start-partition 0,
        :stop-partition 0,
        :kill 1,
        :start 1,
        :pause 1,
        :resume 1},
   :nemeses [#unprintable "jepsen.nemesis.combined$partition_nemesis$reify__16416@3b0471a5"
             #unprintable "jepsen.nemesis.combined$db_nemesis$reify__16397@78167"]})
 :nodes ["n0"]
 :test-count 1
 :latency {:mean 0, :dist :constant}
 :bin "/home/codespace/go/bin/maelstrom-echo"
 :generator
 (jepsen.generator.TimeLimit
  {:limit 10000000000,
   :cutoff nil,
   :gen (jepsen.generator.Any
         {:gens [(jepsen.generator.OnThreads
                  {:f #{:nemesis},
                   :context-filter #object[jepsen.generator.context$make_thread_filter$lazy_filter__9167
                                           "0x4b48be5c"
                                           "jepsen.generator.context$make_thread_filter$lazy_filter__9167@4b48be5c"],
                   :gen nil})
                 (jepsen.generator.OnThreads
                  {:f #jepsen.generator.context.AllBut{:element :nemesis},
                   :context-filter #object[jepsen.generator.context$make_thread_filter$lazy_filter__9167
                                           "0x3fe8d57a"
                                           "jepsen.generator.context$make_thread_filter$lazy_filter__9167@3fe8d57a"],
                   :gen (jepsen.generator.Stagger
                         {:dt 400000000,
                          :next-time nil,
                          :gen (jepsen.generator.EachThread
                                {:fresh-gen #object[maelstrom.workload.echo$workload$fn__16882
                                                    "0x36573ec5"
                                                    "maelstrom.workload.echo$workload$fn__16882@36573ec5"],
                                 :context-filters #object[clojure.core$promise$reify__8591
                                                          "0x10c26161"
                                                          {:status :pending,
                                                           :val nil}],
                                 :gens {}})})})]})})
 :log-net-recv false
 :os
 #object[maelstrom.net$jepsen_os$reify__15254
         "0x1ef6977b"
         "maelstrom.net$jepsen_os$reify__15254@1ef6977b"]
 :time-limit 10
 :workload :echo
 :consistency-models [:strict-serializable]
 :topology :grid}

2024-02-03 20:34:38,096{GMT}	INFO	[jepsen node n0] maelstrom.net: Starting Maelstrom network
2024-02-03 20:34:38,098{GMT}	INFO	[jepsen test runner] jepsen.db: Tearing down DB
2024-02-03 20:34:38,099{GMT}	INFO	[jepsen test runner] jepsen.db: Setting up DB
2024-02-03 20:34:38,104{GMT}	INFO	[jepsen node n0] maelstrom.service: Starting services: (lin-kv lin-tso lww-kv seq-kv)
2024-02-03 20:34:38,106{GMT}	INFO	[jepsen node n0] maelstrom.db: Setting up n0
2024-02-03 20:34:38,107{GMT}	INFO	[jepsen node n0] maelstrom.process: launching /home/codespace/go/bin/maelstrom-echo []
2024-02-03 20:34:39,112{GMT}	INFO	[jepsen node n0] maelstrom.net: Shutting down Maelstrom network
2024-02-03 20:34:39,114{GMT}	WARN	[jepsen test runner] jepsen.core: Test crashed!
java.io.IOException: Cannot run program "/home/codespace/go/bin/maelstrom-echo" (in directory "/tmp"): error=2, No such file or directory
	at java.base/java.lang.ProcessBuilder.start(ProcessBuilder.java:1170)
	at java.base/java.lang.ProcessBuilder.start(ProcessBuilder.java:1089)
	at maelstrom.process$start_node_BANG_.invokeStatic(process.clj:199)
	at maelstrom.process$start_node_BANG_.invoke(process.clj:168)
	at maelstrom.db$db$reify__16142.setup_BANG_(db.clj:34)
	at jepsen.db$fn__8729$G__8723__8733.invoke(db.clj:12)
	at jepsen.db$fn__8729$G__8722__8738.invoke(db.clj:12)
	at clojure.core$partial$fn__5908.invoke(core.clj:2642)
	at jepsen.control$on_nodes$fn__8599.invoke(control.clj:314)
	at clojure.lang.AFn.applyToHelper(AFn.java:154)
	at clojure.lang.AFn.applyTo(AFn.java:144)
	at clojure.core$apply.invokeStatic(core.clj:667)
	at clojure.core$with_bindings_STAR_.invokeStatic(core.clj:1990)
	at clojure.core$with_bindings_STAR_.doInvoke(core.clj:1990)
	at clojure.lang.RestFn.applyTo(RestFn.java:142)
	at clojure.core$apply.invokeStatic(core.clj:671)
	at clojure.core$bound_fn_STAR_$fn__5818.doInvoke(core.clj:2020)
	at clojure.lang.RestFn.invoke(RestFn.java:408)
	at dom_top.core$real_pmap_helper$build_thread__211$fn__212.invoke(core.clj:163)
	at clojure.lang.AFn.applyToHelper(AFn.java:152)
	at clojure.lang.AFn.applyTo(AFn.java:144)
	at clojure.core$apply.invokeStatic(core.clj:667)
	at clojure.core$with_bindings_STAR_.invokeStatic(core.clj:1990)
	at clojure.core$with_bindings_STAR_.doInvoke(core.clj:1990)
	at clojure.lang.RestFn.invoke(RestFn.java:425)
	at clojure.lang.AFn.applyToHelper(AFn.java:156)
	at clojure.lang.RestFn.applyTo(RestFn.java:132)
	at clojure.core$apply.invokeStatic(core.clj:671)
	at clojure.core$bound_fn_STAR_$fn__5818.doInvoke(core.clj:2020)
	at clojure.lang.RestFn.invoke(RestFn.java:397)
	at clojure.lang.AFn.run(AFn.java:22)
	at java.base/java.lang.Thread.run(Thread.java:1583)
Caused by: java.io.IOException: error=2, No such file or directory
	at java.base/java.lang.ProcessImpl.forkAndExec(Native Method)
	at java.base/java.lang.ProcessImpl.<init>(ProcessImpl.java:295)
	at java.base/java.lang.ProcessImpl.start(ProcessImpl.java:225)
	at java.base/java.lang.ProcessBuilder.start(ProcessBuilder.java:1126)
	... 31 common frames omitted
